<?xml version="1.0" encoding="UTF-8"?>
<testsuites name="jest tests" tests="1" failures="0" errors="0" time="3.676">
  <testsuite name="CREATE TOUR" errors="0" failures="0" skipped="0" timestamp="2025-05-11T03:35:10" time="3.363" tests="1">
    <testcase classname="CREATE TOUR Create tour" name="CREATE TOUR Create tour" time="0.641">
    </testcase>
  </testsuite>
</testsuites>