<?xml version="1.0" encoding="UTF-8"?>
<testsuites name="jest tests" tests="2" failures="0" errors="0" time="4.925">
  <testsuite name="MONGODB connection" errors="0" failures="0" skipped="0" timestamp="2025-05-16T00:59:54" time="4.533" tests="2">
    <testcase classname="MONGODB connection Connect to the collection and find user" name="MONGODB connection Connect to the collection and find user" time="0.062">
    </testcase>
    <testcase classname="MONGODB connection Create new user with imported data" name="MONGODB connection Create new user with imported data" time="0.837">
    </testcase>
  </testsuite>
</testsuites>