<?xml version="1.0" encoding="UTF-8"?>
<testsuites name="jest tests" tests="1" failures="1" errors="0" time="3.18">
  <testsuite name="CREATE TOUR" errors="0" failures="1" skipped="0" timestamp="2025-05-11T02:25:44" time="2.894" tests="1">
    <testcase classname="CREATE TOUR create tour" name="CREATE TOUR create tour" time="0.448">
      <failure>ReferenceError: request is not defined
    at C:\Users\vikto\Desktop\Lecture\APIAUTOMATION\src\tests\tour\create_tour_positive.spec.ts:14:9
    at Generator.next (&lt;anonymous&gt;)
    at fulfilled (C:\Users\vikto\Desktop\Lecture\APIAUTOMATION\src\tests\tour\create_tour_positive.spec.ts:5:58)
    at processTicksAndRejections (node:internal/process/task_queues:105:5)</failure>
    </testcase>
  </testsuite>
</testsuites>